# JRE version: OpenJDK Runtime Environment Temurin-17.0.10+7 (17.0.10+7) (build 17.0.10+7)
# Java VM: OpenJDK 64-Bit Server VM Temurin-17.0.10+7 (17.0.10+7, mixed mode, emulated-client, tiered, compressed oops, compressed class ptrs, g1 gc, windows-amd64)
GC Precious Log:
 CPUs: 8 total, 8 available
 Memory: 24336M
 Large Page Support: Disabled
 NUMA Support: Disabled
 Compressed Oops: Enabled (32-bit)
 Heap Region Size: 1M
 Heap Min Capacity: 8M
 Heap Initial Capacity: 382M
 Heap Max Capacity: 1G
 Pre-touch: Disabled
 Parallel Workers: 8
 Concurrent Workers: 2
 Concurrent Refinement Workers: 8
 Periodic GC: Disabled
Heap:
 garbage-first heap   total 112640K, used 41102K [0x00000000c0000000, 0x0000000100000000)
  region size 1024K, 1 young (1024K), 0 survivors (0K)
 Metaspace       used 60320K, committed 60800K, reserved 1114112K
  class space    used 7540K, committed 7744K, reserved 1048576K
GC Heap History (20 events):
Event: 7474.440 GC heap before
{Heap before GC invocations=632 (full 564):
 garbage-first heap   total 112640K, used 41102K [0x00000000c0000000, 0x0000000100000000)
  region size 1024K, 1 young (1024K), 0 survivors (0K)
 Metaspace       used 60320K, committed 60800K, reserved 1114112K
  class space    used 7540K, committed 7744K, reserved 1048576K
}
Event: 7474.537 GC heap after
{Heap after GC invocations=633 (full 565):
 garbage-first heap   total 112640K, used 41102K [0x00000000c0000000, 0x0000000100000000)
  region size 1024K, 0 young (0K), 0 survivors (0K)
 Metaspace       used 60320K, committed 60800K, reserved 1114112K
  class space    used 7540K, committed 7744K, reserved 1048576K
}
Event: 7485.826 GC heap before
{Heap before GC invocations=633 (full 565):
 garbage-first heap   total 112640K, used 41102K [0x00000000c0000000, 0x0000000100000000)
  region size 1024K, 1 young (1024K), 0 survivors (0K)
 Metaspace       used 60320K, committed 60800K, reserved 1114112K
  class space    used 7540K, committed 7744K, reserved 1048576K
}
Event: 7485.913 GC heap after
{Heap after GC invocations=634 (full 566):
 garbage-first heap   total 112640K, used 41102K [0x00000000c0000000, 0x0000000100000000)
  region size 1024K, 0 young (0K), 0 survivors (0K)
 Metaspace       used 60320K, committed 60800K, reserved 1114112K
  class space    used 7540K, committed 7744K, reserved 1048576K
}
Event: 7496.405 GC heap before
{Heap before GC invocations=634 (full 566):
 garbage-first heap   total 112640K, used 41102K [0x00000000c0000000, 0x0000000100000000)
  region size 1024K, 1 young (1024K), 0 survivors (0K)
 Metaspace       used 60320K, committed 60800K, reserved 1114112K
  class space    used 7540K, committed 7744K, reserved 1048576K
}
Event: 7496.451 GC heap after
{Heap after GC invocations=635 (full 567):
 garbage-first heap   total 112640K, used 41102K [0x00000000c0000000, 0x0000000100000000)
  region size 1024K, 0 young (0K), 0 survivors (0K)
 Metaspace       used 60320K, committed 60800K, reserved 1114112K
  class space    used 7540K, committed 7744K, reserved 1048576K
}
Event: 7506.862 GC heap before
{Heap before GC invocations=635 (full 567):
 garbage-first heap   total 112640K, used 41102K [0x00000000c0000000, 0x0000000100000000)
  region size 1024K, 1 young (1024K), 0 survivors (0K)
 Metaspace       used 60320K, committed 60800K, reserved 1114112K
  class space    used 7540K, committed 7744K, reserved 1048576K
}
Event: 7506.908 GC heap after
{Heap after GC invocations=636 (full 568):
 garbage-first heap   total 112640K, used 41102K [0x00000000c0000000, 0x0000000100000000)
  region size 1024K, 0 young (0K), 0 survivors (0K)
 Metaspace       used 60320K, committed 60800K, reserved 1114112K
  class space    used 7540K, committed 7744K, reserved 1048576K
}
Event: 7517.639 GC heap before
{Heap before GC invocations=636 (full 568):
 garbage-first heap   total 112640K, used 41102K [0x00000000c0000000, 0x0000000100000000)
  region size 1024K, 1 young (1024K), 0 survivors (0K)
 Metaspace       used 60320K, committed 60800K, reserved 1114112K
  class space    used 7540K, committed 7744K, reserved 1048576K
}
Event: 7517.708 GC heap after
{Heap after GC invocations=637 (full 569):
 garbage-first heap   total 112640K, used 41102K [0x00000000c0000000, 0x0000000100000000)
  region size 1024K, 0 young (0K), 0 survivors (0K)
 Metaspace       used 60320K, committed 60800K, reserved 1114112K
  class space    used 7540K, committed 7744K, reserved 1048576K
}
Event: 7528.154 GC heap before
{Heap before GC invocations=637 (full 569):
 garbage-first heap   total 112640K, used 41102K [0x00000000c0000000, 0x0000000100000000)
  region size 1024K, 1 young (1024K), 0 survivors (0K)
 Metaspace       used 60320K, committed 60800K, reserved 1114112K
  class space    used 7540K, committed 7744K, reserved 1048576K
}
Event: 7528.269 GC heap after
{Heap after GC invocations=638 (full 570):
 garbage-first heap   total 112640K, used 41102K [0x00000000c0000000, 0x0000000100000000)
  region size 1024K, 0 young (0K), 0 survivors (0K)
 Metaspace       used 60320K, committed 60800K, reserved 1114112K
  class space    used 7540K, committed 7744K, reserved 1048576K
}
Event: 7538.827 GC heap before
{Heap before GC invocations=638 (full 570):
 garbage-first heap   total 112640K, used 41102K [0x00000000c0000000, 0x0000000100000000)
  region size 1024K, 1 young (1024K), 0 survivors (0K)
 Metaspace       used 60320K, committed 60800K, reserved 1114112K
  class space    used 7540K, committed 7744K, reserved 1048576K
}
Event: 7538.898 GC heap after
{Heap after GC invocations=639 (full 571):
 garbage-first heap   total 112640K, used 41102K [0x00000000c0000000, 0x0000000100000000)
  region size 1024K, 0 young (0K), 0 survivors (0K)
 Metaspace       used 60320K, committed 60800K, reserved 1114112K
  class space    used 7540K, committed 7744K, reserved 1048576K
}
Event: 7549.314 GC heap before
{Heap before GC invocations=639 (full 571):
 garbage-first heap   total 112640K, used 41102K [0x00000000c0000000, 0x0000000100000000)
  region size 1024K, 1 young (1024K), 0 survivors (0K)
 Metaspace       used 60320K, committed 60800K, reserved 1114112K
  class space    used 7540K, committed 7744K, reserved 1048576K
}
Event: 7549.363 GC heap after
{Heap after GC invocations=640 (full 572):
 garbage-first heap   total 112640K, used 41102K [0x00000000c0000000, 0x0000000100000000)
  region size 1024K, 0 young (0K), 0 survivors (0K)
 Metaspace       used 60320K, committed 60800K, reserved 1114112K
  class space    used 7540K, committed 7744K, reserved 1048576K
}
Event: 7559.839 GC heap before
{Heap before GC invocations=640 (full 572):
 garbage-first heap   total 112640K, used 41102K [0x00000000c0000000, 0x0000000100000000)
  region size 1024K, 1 young (1024K), 0 survivors (0K)
 Metaspace       used 60320K, committed 60800K, reserved 1114112K
  class space    used 7540K, committed 7744K, reserved 1048576K
}
Event: 7559.904 GC heap after
{Heap after GC invocations=641 (full 573):
 garbage-first heap   total 112640K, used 41102K [0x00000000c0000000, 0x0000000100000000)
  region size 1024K, 0 young (0K), 0 survivors (0K)
 Metaspace       used 60320K, committed 60800K, reserved 1114112K
  class space    used 7540K, committed 7744K, reserved 1048576K
}
Event: 7570.868 GC heap before
{Heap before GC invocations=641 (full 573):
 garbage-first heap   total 112640K, used 41102K [0x00000000c0000000, 0x0000000100000000)
  region size 1024K, 1 young (1024K), 0 survivors (0K)
 Metaspace       used 60320K, committed 60800K, reserved 1114112K
  class space    used 7540K, committed 7744K, reserved 1048576K
}
Event: 7570.942 GC heap after
{Heap after GC invocations=642 (full 574):
 garbage-first heap   total 112640K, used 41102K [0x00000000c0000000, 0x0000000100000000)
  region size 1024K, 0 young (0K), 0 survivors (0K)
 Metaspace       used 60320K, committed 60800K, reserved 1114112K
  class space    used 7540K, committed 7744K, reserved 1048576K
}

